Squashed commit of the `LedgerHQ/app-boilerplate@0cdb005` repository


0cdb005 [2022-08-09 18:01:32] - Marion Lafon <noreply@github.com> : Merge pull request #22 from mlafon-ledger/add_codeql_workflow
f6c06fe [2022-08-08 17:44:16] - Marion LAFON <marion.lafon@ledger.fr> : Fix english misspells in comment
c182b0d [2022-08-08 16:41:03] - lpascal-ledger <noreply@github.com> : Merge pull request #26 from LedgerHQ/wip/francois.beutin/tag_gihub_workspace_safe
44d9ea9 [2022-08-08 16:08:09] - Marion LAFON <marion.lafon@ledger.fr> : Add comment on the file
f4b9b25 [2022-08-04 16:28:26] - Francois Beutin <francois.beutin@ledger.fr> : Fix CI error by adding GITHUB_WORKSPACE as a safe Git directory
b185506 [2022-07-26 19:35:00] - Jean-Baptiste Bédrune <noreply@github.com> : Merge pull request #25 from LedgerHQ/codespell
e86ad35 [2022-07-26 18:40:11] - Jean-Baptiste Bédrune <noreply@github.com> : Merge branch 'master' into codespell
49c8562 [2022-06-29 12:29:05] - Marion LAFON <marion.lafon@ledger.fr> : Add CodeQL Workflow to Security Analysis
cec88b4 [2022-07-26 14:41:47] - Jean-Baptiste Bédrune <jean-baptiste.bedrune@ledger.fr> : Add Codespell action
759fd83 [2022-07-26 14:41:26] - Jean-Baptiste Bédrune <jean-baptiste.bedrune@ledger.fr> : Fix typos
27c88cc [2022-07-26 16:19:07] - lpascal-ledger <noreply@github.com> : Merge pull request #24 from LedgerHQ/io-fixes
3a9b12b [2022-07-26 13:04:01] - Jean-Baptiste Bédrune <jean-baptiste.bedrune@ledger.fr> : Always initialize return values in I/O functions
e966c52 [2022-07-26 13:02:21] - Jean-Baptiste Bédrune <jean-baptiste.bedrune@ledger.fr> : Move I/O related global variables to static variables
f505b40 [2022-07-04 17:25:46] - Sarah Gliner <noreply@github.com> : Merge pull request #21 from LedgerHQ/test-all-nano
d7c7ca8 [2022-06-22 11:43:16] - Sarah GLINER <sarah.gliner@ledger.fr> : [CI] run tests on all devices
0cc29cd [2022-07-04 16:02:35] - Sarah GLINER <sarah.gliner@ledger.fr> : [Ledgercomm Tests] Adapt number of clicks for address validation depending on device model
7acd8a2 [2022-07-04 16:02:11] - Sarah GLINER <sarah.gliner@ledger.fr> : [Ledgercomm Tests] add model argument
223ccf8 [2022-07-04 16:31:37] - Sarah GLINER <sarah.gliner@ledger.fr> : [Speculos Tests] Adapt number of clicks for address validation depending on device model
4412f55 [2022-06-22 12:35:59] - Sarah GLINER <sarah.gliner@ledger.fr> : [Speculos Tests] Add model and sdk argument
3fa6aab [2022-06-17 15:34:56] - xchapron-ledger <noreply@github.com> : Merge pull request #20 from LedgerHQ/xch/fix-missing-close-try
c4f8376 [2022-06-16 11:37:21] - Xavier Chapron <xavier.chapron@ledger.fr> : [fix] Add missing CLOSE_TRY in main.c:app_main()
4810af7 [2022-05-20 18:09:51] - Edouard Merle <noreply@github.com> : Merge pull request #17 from cfranceschi-ledger/dev-portal-discord
3a9d56d [2022-05-20 15:18:28] - cfranceschi-ledger <celia.franceschi@ledger.fr> : Paragraph about Dev Portal and Discord
8ef4ad3 [2022-05-05 11:40:39] - lpascal-ledger <noreply@github.com> : Merge pull request #16 from LedgerHQ/ci/adding_nanos+
cafa305 [2022-05-04 15:55:22] - Lucas PASCAL <lucas.pascal@ledger.com> : [ci] Using matrix feature to avoid jobs duplication
42b05a6 [2022-05-04 15:55:58] - Lucas PASCAL <lucas.pascal@ledger.com> : [fix] Tests should run in their own environment by default
200cfe6 [2022-04-29 18:37:37] - Lucas PASCAL <lucas.pascal@ledger.com> : [clean] Unnecessary constraint on CI clang analysis
deb9d96 [2022-04-29 18:36:27] - Lucas PASCAL <lucas.pascal@ledger.com> : [add] NanoS+ build in CI
75209c7 [2022-03-14 09:44:13] - lpascal-ledger <noreply@github.com> : Merge pull request #15 from LedgerHQ/add-license-1
79f6547 [2022-03-14 09:38:01] - Salvatore Ingala <noreply@github.com> : Add license
8041a1b [2022-02-09 17:16:42] - Edouard Merle <edouard.merle@ledger.fr> : fix: build for lns+
882ca80 [2022-02-09 13:21:32] - Jean-Baptiste Bédrune <noreply@github.com> : Merge pull request #13 from LedgerHQ/feature/more_ci_and_tests_example
7b81ba8 [2022-02-09 11:19:23] - Lucas PASCAL <lucas.pascal@ledger.com> : [add] Reference to Ledger documentation resource
3c40b0f [2022-02-09 10:55:30] - Lucas PASCAL <lucas.pascal@ledger.com> : [clean] Review corrections
be09cb7 [2022-02-04 17:52:03] - Lucas PASCAL <lucas.pascal@ledger.com> : [add] Small comparison Speculos / LedgerComm + Speculos
e5228e2 [2022-02-04 16:40:55] - Lucas PASCAL <lucas.pascal@ledger.com> : [add] SpeculosClient functional tests examples
588ef05 [2022-02-04 14:29:52] - Lucas PASCAL <lucas.pascal@ledger.com> : [clean] Current functional tests moved to 'speculos_ledgercomm' directory
76c4b2b [2022-02-04 11:21:35] - Lucas PASCAL <lucas.pascal@ledger.com> : [CI] Documentation & NanoX build steps
f625314 [2021-10-04 15:43:49] - Jean P <noreply@github.com> : Merge pull request #9 from LedgerHQ/minor-improvements
c35b929 [2021-09-17 13:50:34] - Jean-Baptiste Bédrune <jean-baptiste.bedrune@ledger.fr> : CI: change container image to execute unit tests
d1a474e [2021-09-17 11:11:08] - Jean-Baptiste Bédrune <jean-baptiste.bedrune@ledger.fr> : Enable only strictly required app flags
6d0922f [2021-09-17 11:08:14] - Jean-Baptiste Bédrune <jean-baptiste.bedrune@ledger.fr> : Fuzzer: enable UBSan
79a3be2 [2021-09-17 11:05:38] - Jean-Baptiste Bédrune <jean-baptiste.bedrune@ledger.fr> : CI: static analysis using Clang Static Analyzer
9f9214a [2021-09-17 11:04:31] - Jean-Baptiste Bédrune <jean-baptiste.bedrune@ledger.fr> : Mark channel as unused in io_event
8877753 [2021-08-13 12:25:43] - pscott <noreply@github.com> : Update README.md
3314b0d [2021-08-04 13:42:01] - TamtamHero <10632523+TamtamHero@users.noreply.github.com> : use ledger-app-scanner in CI to have lcov
4419fad [2021-08-04 13:22:23] - TamtamHero <10632523+TamtamHero@users.noreply.github.com> : Fix dependancies ordering to build unit tests
681bc65 [2021-07-13 19:12:02] - TamtamHero <10632523+TamtamHero@users.noreply.github.com> : Update Speculos image
3a7b664 [2021-07-13 16:24:34] - TamtamHero <10632523+TamtamHero@users.noreply.github.com> : Update CI docker image
01f4ba5 [2021-04-27 13:34:43] - Jean P <noreply@github.com> : Fix broken link to doc
14171d6 [2021-03-24 14:34:58] - TamtamHero <10632523+TamtamHero@users.noreply.github.com> : Update Makefile to use python3
3fa2214 [2021-02-05 17:54:27] - Jean P <noreply@github.com> : Merge pull request #2 from LedgerHQ/revamp_format_u64
482eb79 [2021-02-05 15:33:30] - pscott <scott.piriou@ledger.fr> : Revert "Fix return condition"
627877e [2021-02-05 15:27:34] - pscott <scott.piriou@ledger.fr> : Fix return condition
0243593 [2021-02-05 13:34:56] - pscott <scott.piriou@ledger.fr> : Revamp format_u64
ed2e7c4 [2021-01-11 11:32:05] - Edouard Merle <edouard.merle@ledger.fr> : updating version tests
72879e8 [2021-01-11 11:26:10] - Edouard Merle <edouard.merle@ledger.fr> : bump version to 1.0.1
78f05d1 [2021-01-11 11:25:46] - Edouard Merle <edouard.merle@ledger.fr> : add missing includes
c9f1dee [2021-01-11 11:25:31] - Edouard Merle <edouard.merle@ledger.fr> : crypto header include missing
d3bdf85 [2020-12-21 15:25:11] - grydz <francois.colas@ledger.fr> : Update coin variant to BOL
d85c9b8 [2020-12-21 15:15:01] - grydz <francois.colas@ledger.fr> : Clean Makefile
6c5d394 [2020-12-21 13:12:47] - grydz <francois.colas@ledger.fr> : Fix minor things in Makefile
9621f6c [2020-12-21 12:50:01] - grydz <francois.colas@ledger.fr> : Fix memset() -> explicit_bzero()
3ca8a1e [2020-12-16 19:25:32] - François Colas <francois.colas@ledger.fr> : Update tests README
202fa7a [2020-12-16 18:26:10] - François Colas <francois.colas@ledger.fr> : Update README
b875fa1 [2020-12-16 18:17:50] - François Colas <francois.colas@ledger.fr> : Clean commands documentation
118e74a [2020-12-16 18:00:16] - François Colas <francois.colas@ledger.fr> : Split APDU documentation
7d6a4ef [2020-12-14 19:50:41] - François Colas <francois.colas@ledger.fr> : Add more unit tests
82fc0ae [2020-12-14 18:27:35] - François Colas <francois.colas@ledger.fr> : Add more format of transaction fields in fuzzing
34b0da0 [2020-12-14 18:26:16] - François Colas <francois.colas@ledger.fr> : Add hexadecimal string formatter
1718f7c [2020-12-14 17:47:23] - François Colas <francois.colas@ledger.fr> : Add format of transaction fields to fuzzing
e91f8e9 [2020-12-14 17:44:29] - François Colas <francois.colas@ledger.fr> : Fix bound check when format memo
879ea44 [2020-12-01 10:41:08] - François Colas <francois.colas@ledger.fr> : Fix error handling in tests
64ca47a [2020-12-01 10:40:42] - François Colas <francois.colas@ledger.fr> : Add format function for u64
9bba3db [2020-12-01 10:37:37] - François Colas <francois.colas@ledger.fr> : Fix unchecked function return and size of buffer
6dffb72 [2020-12-01 10:33:40] - François Colas <francois.colas@ledger.fr> : Fix cosmetics for debug
47c3f88 [2020-11-30 17:54:57] - François Colas <francois.colas@ledger.fr> : Update docs and docstrings
ab4529b [2020-11-30 17:03:00] - François Colas <francois.colas@ledger.fr> : Change smallest unit amount
c2093a5 [2020-11-30 17:01:51] - François Colas <francois.colas@ledger.fr> : Change hash function from SHA256 to Keccak256
2de76d4 [2020-11-30 16:59:12] - François Colas <francois.colas@ledger.fr> : Fix bad indent
45ea51c [2020-11-30 16:58:35] - François Colas <francois.colas@ledger.fr> : Rename SPEC.md -> PROTOCOL.md
e7e88ce [2020-11-27 12:25:54] - François Colas <francois.colas@ledger.fr> : Update README for fuzzing
2f67032 [2020-11-27 12:21:19] - François Colas <francois.colas@ledger.fr> : Add AddressSanitizer to fuzzing
dd094ca [2020-11-27 12:19:57] - François Colas <francois.colas@ledger.fr> : Fix out-of-bound access
c70bd03 [2020-11-26 22:42:18] - François Colas <francois.colas@ledger.fr> : Fix cosmetics on docstrings
fa2708b [2020-11-26 14:57:42] - François Colas <francois.colas@ledger.fr> : Update vscode useful tasks
89dd585 [2020-11-26 12:50:43] - François Colas <francois.colas@ledger.fr> : Update tests dependency ledgercomm
ad776c4 [2020-11-26 12:32:16] - François Colas <francois.colas@ledger.fr> : Add basic fuzzing for transaction parser
7ddd1d0 [2020-11-24 15:56:00] - François Colas <francois.colas@ledger.fr> : Huge refactor with custom transaction and SIGN_TX command
d5f0bc3 [2020-11-19 19:03:39] - François Colas <francois.colas@ledger.fr> : Update tasks for vscode
07eeda5 [2020-11-19 17:34:40] - François Colas <francois.colas@ledger.fr> : Add base58 for encoding addresses
26b85fc [2020-11-18 20:37:24] - François Colas <francois.colas@ledger.fr> : Upload code coverage to codecov.io
506914e [2020-11-16 11:03:33] - François Colas <francois.colas@ledger.fr> : Rename code coverage file with .info suffix
911cc0f [2020-11-16 10:58:31] - François Colas <francois.colas@ledger.fr> : Add new task for Speculos in vscode
4e5b89e [2020-11-15 22:51:00] - François Colas <francois.colas@ledger.fr> : Update Doxyfile
ccef354 [2020-11-15 22:40:25] - François Colas <francois.colas@ledger.fr> : Update README
2eeff03 [2020-11-15 22:36:30] - François Colas <francois.colas@ledger.fr> : Move specification into doc folder
14e473c [2020-11-15 22:34:19] - François Colas <francois.colas@ledger.fr> : Add test to check status word in Boilerplate client
b6c5ed3 [2020-11-15 22:32:14] - François Colas <francois.colas@ledger.fr> : Fix docstrings
33b9b07 [2020-11-13 19:39:15] - François Colas <francois.colas@ledger.fr> : Add Nano S SDK 1.6.1-2 and unit tests to GitHub Actions
0f22fa7 [2020-11-13 16:09:13] - François Colas <francois.colas@ledger.fr> : Fix forgotten function in header
e50d976 [2020-11-13 16:08:29] - François Colas <francois.colas@ledger.fr> : Update .gitignore and README
02cd28d [2020-11-13 13:25:56] - François Colas <francois.colas@ledger.fr> : Fix unit-tests/README.md
9cbf497 [2020-11-13 13:20:38] - François Colas <francois.colas@ledger.fr> : Update README
060be8a [2020-11-13 13:20:27] - François Colas <francois.colas@ledger.fr> : Add unit tests with cmocka
aa98776 [2020-11-13 13:19:24] - François Colas <francois.colas@ledger.fr> : Huge refactor and new GET_PUBLIC_KEY handler
0dbe486 [2020-11-12 11:13:22] - François Colas <francois.colas@ledger.fr> : Fix small issues in vscode config files
dedf831 [2020-11-03 19:48:46] - François Colas <francois.colas@ledger.fr> : Fix docstring
074f776 [2020-11-03 19:40:50] - François Colas <francois.colas@ledger.fr> : Improve comments and use OS syscall instead of memset()
7bf4047 [2020-11-03 18:16:24] - François Colas <francois.colas@ledger.fr> : Back to good old handlers
bd212de [2020-11-03 17:53:12] - François Colas <francois.colas@ledger.fr> : Update device errors in unit tests
eb72e00 [2020-11-03 17:48:55] - François Colas <francois.colas@ledger.fr> : Refactor Boilerplate app
fd2fbde [2020-11-02 23:28:37] - François Colas <francois.colas@ledger.fr> : Refactor unit tests with a new design
3560f5e [2020-10-27 17:51:04] - François Colas <francois.colas@ledger.fr> : Update .gitignore with doxygen folder
26f3e69 [2020-10-27 17:50:13] - François Colas <francois.colas@ledger.fr> : Add basic template for doxygen
55e6cd0 [2020-10-27 17:46:16] - François Colas <francois.colas@ledger.fr> : Move markdown of spec
0a1e261 [2020-10-27 17:29:10] - François Colas <francois.colas@ledger.fr> : Remove unused event for Ledger Blue
c3444d4 [2020-10-26 20:04:45] - François Colas <francois.colas@ledger.fr> : Javadoc style docstring
cbf60e4 [2020-10-26 18:56:09] - François Colas <francois.colas@ledger.fr> : Add doc for technical specification
daf4ce1 [2020-10-26 15:31:13] - François Colas <francois.colas@ledger.fr> : Update README
cef72ba [2020-10-26 15:01:53] - François Colas <francois.colas@ledger.fr> : Add unit tests with Speculos in CI
bac5f09 [2020-10-26 15:01:08] - François Colas <francois.colas@ledger.fr> : Update ledgercomm dependency in tests
f795ad4 [2020-10-26 14:30:39] - François Colas <francois.colas@ledger.fr> : Fix output_len in send() when buf is NULL
1161ce0 [2020-10-26 12:56:47] - François Colas <francois.colas@ledger.fr> : Adapt tests to fresh release of ledgercomm
bbe0e03 [2020-10-26 12:23:08] - François Colas <francois.colas@ledger.fr> : Add lenght check of APDU
813aad3 [2020-10-22 18:54:33] - François Colas <francois.colas@ledger.fr> : Update README
f44de9e [2020-10-22 18:45:17] - François Colas <francois.colas@ledger.fr> : Lint Python & C code
e9be270 [2020-10-22 18:14:10] - François Colas <francois.colas@ledger.fr> : Handle BOLOS exception in app_main()
217abe5 [2020-10-22 17:57:03] - François Colas <francois.colas@ledger.fr> : Remove UI processing (RIP)
1873be3 [2020-10-21 19:51:03] - François Colas <francois.colas@ledger.fr> : New IO interface for send/send_sw
d547771 [2020-10-21 18:49:35] - François Colas <francois.colas@ledger.fr> : Update vscode configuration
5266cdf [2020-10-21 15:59:14] - François Colas <francois.colas@ledger.fr> : Add compilation step with GitHub Actions
429b1ad [2020-10-21 15:36:35] - François Colas <francois.colas@ledger.fr> : Add clang-format with GitHub Actions
91742eb [2020-10-21 11:58:31] - François Colas <francois.colas@ledger.fr> : Initial commit